<?xml version="1.0" encoding="UTF-8"?>
<testsuite name="consumir servicio para crear un empleado" tests="1" skipped="0" failures="1" errors="0" timestamp="2023-06-27T16:12:18" hostname="SQABOG-TGP4980" time="1.03">
  <properties/>
  <testcase name="Crear un empleado" classname="consumir servicio para crear un empleado" time="1.03">
    <failure message="java.lang.AssertionError: &#10;Expected: &lt;200&gt;&#10;     but: was &lt;429&gt;" type="java.lang.AssertionError">java.lang.AssertionError: 
Expected: &lt;200&gt;
     but: was &lt;429&gt;
	at net.serenitybdd.screenplay.ErrorTally.throwSummaryExceptionFrom(ErrorTally.java:36)
	at net.serenitybdd.screenplay.ErrorTally.reportAnyErrors(ErrorTally.java:30)
	at net.serenitybdd.screenplay.Actor.should(Actor.java:301)
	at stepDefinitions.PostStepDefinitions.validaElStatusDeLaPeticion(PostStepDefinitions.java:39)
	at âœ½.valida el status de la peticion(src/test/resources/features/Post.feature:7)
</failure>
  </testcase>
  <system-out><![CDATA[]]></system-out>
  <system-err><![CDATA[[Test worker] ERROR net.thucydides.core.steps.ConsoleLoggingListener - 
           __  _____ _____ ____ _____   _____ _    ___ _     _____ ____  
  _       / / |_   _| ____/ ___|_   _| |  ___/ \  |_ _| |   | ____|  _ \ 
 (_)_____| |    | | |  _| \___ \ | |   | |_ / _ \  | || |   |  _| | | | |
  _|_____| |    | | | |___ ___) || |   |  _/ ___ \ | || |___| |___| |_| |
 (_)     | |    |_| |_____|____/ |_|   |_|/_/   \_\___|_____|_____|____/ 
          \_\                                                            

TEST FAILED: Crear un empleado
--------------------------------------------------------------------------
[Test worker] ERROR net.thucydides.core.steps.ConsoleLoggingListener - TEST FAILED AT STEP Then el codigo de la respuesta should be (200)
[Test worker] ERROR net.thucydides.core.steps.ConsoleLoggingListener - Expected: <200> but: was <429>
]]></system-err>
</testsuite>
