<?xml version="1.0" encoding="UTF-8"?><testsuite errors="0" failures="1" name="consumir servicio para crear un empleado" skipped="0" tests="1" time="0.95" timestamp="2023-06-27 11:12:18"><testcase name="Crear un empleado"><failure message="&#10;Expected: &lt;200&gt;&#10;     but: was &lt;429&gt;" type="java.lang.AssertionError">
Expected: &lt;200&gt;
     but: was &lt;429&gt;</failure><system-err>
Expected: &lt;200&gt;
     but: was &lt;429&gt;&#13;
stepDefinitions.PostStepDefinitions.validaElStatusDeLaPeticion(PostStepDefinitions.java:39)&#13;
✽.valida el status de la peticion(src/test/resources/features/Post.feature:7)&#13;
</system-err></testcase></testsuite>